<?xml version="1.0" encoding="UTF-8"?>
<features>
   <feature name="infinispan-core-tests" version="${project.version}">
      <bundle>wrap:mvn:org.infinispan/infinispan-core/${project.version}/jar/tests</bundle>
   </feature>
   <feature name="infinispan-core-plus-tests" version="${project.version}">
      <bundle>mvn:org.testng/testng/${version.testng}</bundle>
      <bundle>wrap:mvn:junit/junit/${version.junit}</bundle>
      <bundle>file:///${basedir}/target/integrationtests-osgi.jar</bundle>
   </feature>
   <feature name="infinispan-core-deps" version="${project.version}">
      <bundle>mvn:org.jboss.logging/jboss-logging/${version.jboss.logging}</bundle>
      <bundle>mvn:org.infinispan/infinispan-commons/${project.version}</bundle>
      <bundle>mvn:commons-pool/commons-pool/${version.commons.pool}</bundle>
      <bundle>mvn:org.jboss.marshalling/jboss-marshalling-osgi/${version.jboss.marshalling}</bundle>
      <bundle>mvn:org.jgroups/jgroups/${version.jgroups}</bundle>
      <bundle>mvn:org.jboss.spec.javax.transaction/jboss-transaction-api_1.1_spec/${version.jta}</bundle>
      <bundle>wrap:mvn:org.jboss.jbossts.jta/narayana-jta/${version.jbossjta}</bundle>
   </feature>
</features>
