<?xml version="1.0" encoding="UTF-8"?>
<features>
   <feature name="infinispan-cachestore" version="${project.version}">
      <!-- jndi is an embedded feature in Karaf -->
      <feature>jndi</feature>
      <bundle>wrap:mvn:com.mchange/c3p0/${version.c3p0}$Bundle-SymbolicName=C3P0&amp;DynamicImport-Package=*</bundle>
      <bundle>wrap:mvn:com.mchange/mchange-commons-java/0.2.7$Bundle-SymbolicName=mchange-commons-java</bundle>
      <bundle>file:///${basedir}/target/infinispan-cachestore-jdbc-with-tests.jar</bundle>
   </feature>
   <feature name="infinispan-core" version="${project.version}">
      <bundle>mvn:org.testng/testng/${version.testng}</bundle>
      <!-- required by h2 -->
      <bundle>mvn:org.osgi/org.osgi.enterprise/4.2.0</bundle>
      <bundle>mvn:com.h2database/h2/${version.h2.driver}</bundle>
      <bundle>wrap:mvn:junit/junit/${version.junit}</bundle>
      <bundle>file:///${basedir}/target/infinispan-core-with-tests.jar</bundle>
   </feature>
   <feature name="infinispan-core-deps" version="${project.version}">
      <feature>transaction</feature>
      <bundle>mvn:org.jboss.logging/jboss-logging/${version.jboss.logging}</bundle>
      <bundle>mvn:org.infinispan/infinispan-commons/${project.version}</bundle>
      <bundle>mvn:commons-pool/commons-pool/${version.commons.pool}</bundle>
      <bundle>mvn:org.jboss.marshalling/jboss-marshalling-osgi/${version.jboss.marshalling}</bundle>
      <bundle>mvn:org.jgroups/jgroups/${version.jgroups}</bundle>
   </feature>
</features>
