<?xml version="1.0" encoding="UTF-8"?>
<infinispan
      xmlns:xsi="http://www.w3.org/2001/XMLSchema-instance"
      xsi:schemaLocation="urn:infinispan:config:7.0 http://www.infinispan.org/schemas/infinispan-config-7.0.xsd"
      xmlns="urn:infinispan:config:7.0">

   <cache-container name="SampleCacheManager" default-cache="default" statistics="true">
      <jmx domain="org.infinispan"/>
      <transport cluster="infinispan-cluster" machine="m1" rack="r1" node-name="Node-A" />
      <replicated-cache name="default" mode="SYNC" remote-timeout="20000" statistics="true">
         <state-transfer enabled="false" timeout="240000"/>
         <locking isolation="READ_COMMITTED" acquire-timeout="20000" write-skew="false" concurrency-level="5000" striping="false"/>
      </replicated-cache>
      <replicated-cache name="evictExpiryCache">
         <eviction max-entries="5000" strategy="FIFO" />
         <expiration interval="500" lifespan="3000" max-idle="1000"/>
      </replicated-cache>
   </cache-container>

</infinispan>
