<?xml version="1.0" encoding="UTF-8"?>
<features xmlns="http://karaf.apache.org/xmlns/features/v1.0.0">
   <repository>mvn:org.infinispan/infinispan-remote/${project.version}/xml/features</repository>

   <feature name="query-sample-domain" version="${project.version}">
      <feature version="${project.version}">infinispan-remote</feature>
      <bundle>mvn:org.infinispan.protostream/sample-domain-implementation/${version.org.infinispan.protostream}</bundle>
      <bundle>mvn:org.infinispan.protostream/sample-domain-definition/${version.org.infinispan.protostream}</bundle>
   </feature>
</features>
